6
Hazel OffensiveHawthron
Larch HollyDefensive
Laurel OffensiveHawthron
Rowan HollyDefensive
Spruce OffensiveHawthron
Tamarack HollyDefensive

3

4
Gryffindor
HarryW HollyDefensive Defensive Harry Potter
RonW OffensiveHawthron Offensive Ron Weasley
HermioneW OffensiveHawthron Offensive Hermione Granger
NevilleW OffensiveHawthron Defensive Neville Longbottom

4
Slytherin
PansyW OffensiveHawthron Offensive Pansy Parkinson
DracoW OffensiveHawthron Offensive Draco Malfoy
DoloresW HollyDefensive Defensive Dolores Umbridge
AlbusW HollyDefensive Offensive Albus Severus Potter

4
Hufflepuff
NymphadoraW HollyDefensive Defensive Nymphadora Tonks
RolfW OffensiveHawthron Offensive Rolf Scamander
CedricW HollyDefensive Defensive Cedric Diggory
PomonaW HollyDefensive Offensive Pomona Sprout



